START
15:02:58 - Added  (Transcriptomics) 
15:03:03 - trns_1 - Setting ID column 
15:03:06 - trns_1 - FA: feature ID type set to SYMBOL 
15:03:11 - trns_1 - Setting ID column 
15:03:17 - trns_1 - Volcano plot: generating plot. 
15:03:18 - WARNING:trns_1 - Volcano plot Warning: simpleWarning in get_comparison_table(data_table = data_table, sample_table = sample_table, : NaNs produced 
15:03:19 - WARNING:trns_1 - Volcano plot Warning: simpleWarning in volcano_main(fc_vals = data_table$`Fold change`, p_vals = data_table[, : NaNs produced 
15:03:19 - trns_1 - Volcano plot: spawning plot. 
15:03:19 - trns_1 - Volcano plot Completed 
15:03:26 - trns_1 - Dendrogram: generating plot. 
15:03:27 - WARNING:trns_1 - Dendrogram Warning: simpleWarning: Can only have one: config 
15:03:27 - trns_1 - Dendrogram: spawning plot. 
15:03:27 - trns_1 - Dendrogram Completed 
15:03:31 - trns_1 - Samples correlation: generating plot. 
15:03:32 - trns_1 - Samples correlation: spawning plot. 
15:03:32 - trns_1 - Samples correlation Completed 
15:03:44 - trns_1 - PCA: generating plot. 
15:03:45 - trns_1 - PCA: spawning plot. 
15:03:45 - trns_1 - PCA Completed 
